<?xml version="1.0" encoding="UTF-8"?>
<robot generator="Robot 3.2.1 (Python 3.8.3 on win32)" generated="20200629 23:28:16.060" rpa="false">
<suite id="s1" name="Radio" source="C:\qaninja\twp\tests\radio.robot">
<test id="s1-t1" name="Deve selecionar a opção Python">
<kw name="Open Session" library="base" type="setup">
<kw name="Set Appium Timeout" library="AppiumLibrary">
<doc>Sets the timeout in seconds used by various keywords.</doc>
<arguments>
<arg>10</arg>
</arguments>
<status status="PASS" starttime="20200629 23:28:16.466" endtime="20200629 23:28:16.467"></status>
</kw>
<kw name="Open Application" library="AppiumLibrary">
<doc>Opens a new application to given Appium server.
Capabilities of appium server, Android and iOS,
Please check https://github.com/appium/appium/blob/master/docs/en/writing-running-appium/server-args.md
| *Option*            | *Man.* | *Description*     |
| remote_url          | Yes    | Appium server url |
| alias               | no     | alias             |</doc>
<arguments>
<arg>http://localhost:4723/wd/hub</arg>
<arg>automationName=UiAutomator2</arg>
<arg>platformName=Android</arg>
<arg>deviceName=Android Emulator</arg>
<arg>app=${EXECDIR}/app/twp.apk</arg>
<arg>udid=emulator-5554</arg>
</arguments>
<status status="PASS" starttime="20200629 23:28:16.467" endtime="20200629 23:28:49.904"></status>
</kw>
<kw name="Get Started" library="helpers">
<kw name="Wait Until Page Contains" library="AppiumLibrary">
<doc>Waits until `text` appears on current page.</doc>
<arguments>
<arg>${START}</arg>
</arguments>
<status status="PASS" starttime="20200629 23:28:49.905" endtime="20200629 23:28:54.912"></status>
</kw>
<kw name="Click Text" library="AppiumLibrary">
<doc>Click text identified by ``text``.</doc>
<arguments>
<arg>${START}</arg>
</arguments>
<status status="PASS" starttime="20200629 23:28:54.913" endtime="20200629 23:28:55.488"></status>
</kw>
<status status="PASS" starttime="20200629 23:28:49.905" endtime="20200629 23:28:55.488"></status>
</kw>
<status status="PASS" starttime="20200629 23:28:16.466" endtime="20200629 23:28:55.489"></status>
</kw>
<kw name="Go To Radion Buttons" library="helpers">
<kw name="Open Nav" library="helpers">
<kw name="Wait Until Element Is Visible" library="AppiumLibrary">
<doc>Waits until element specified with `locator` is visible.</doc>
<arguments>
<arg>${HAMBURGUER}</arg>
</arguments>
<status status="PASS" starttime="20200629 23:28:55.490" endtime="20200629 23:28:57.885"></status>
</kw>
<kw name="Click Element" library="AppiumLibrary">
<doc>Click element identified by `locator`.</doc>
<arguments>
<arg>${HAMBURGUER}</arg>
</arguments>
<msg timestamp="20200629 23:28:57.888" level="INFO">Clicking element 'xpath=//android.widget.ImageButton[@content-desc="Open navigation drawer"]'.</msg>
<status status="PASS" starttime="20200629 23:28:57.885" endtime="20200629 23:28:58.300"></status>
</kw>
<kw name="Wait Until Element Is Visible" library="AppiumLibrary">
<doc>Waits until element specified with `locator` is visible.</doc>
<arguments>
<arg>${NAVVIEW}</arg>
</arguments>
<status status="PASS" starttime="20200629 23:28:58.300" endtime="20200629 23:28:59.712"></status>
</kw>
<status status="PASS" starttime="20200629 23:28:55.490" endtime="20200629 23:28:59.712"></status>
</kw>
<kw name="Click Text" library="AppiumLibrary">
<doc>Click text identified by ``text``.</doc>
<arguments>
<arg>INPUTS</arg>
</arguments>
<status status="PASS" starttime="20200629 23:28:59.712" endtime="20200629 23:29:01.115"></status>
</kw>
<kw name="Wait Until Page Contains" library="AppiumLibrary">
<doc>Waits until `text` appears on current page.</doc>
<arguments>
<arg>INPUTS</arg>
</arguments>
<status status="PASS" starttime="20200629 23:29:01.115" endtime="20200629 23:29:02.081"></status>
</kw>
<kw name="Click Text" library="AppiumLibrary">
<doc>Click text identified by ``text``.</doc>
<arguments>
<arg>BOTÕES DE RADIO</arg>
</arguments>
<status status="PASS" starttime="20200629 23:29:02.082" endtime="20200629 23:29:02.456"></status>
</kw>
<kw name="Wait Until Page Contains" library="AppiumLibrary">
<doc>Waits until `text` appears on current page.</doc>
<arguments>
<arg>Escolha sua linguagem preferida</arg>
</arguments>
<status status="PASS" starttime="20200629 23:29:02.456" endtime="20200629 23:29:04.282"></status>
</kw>
<status status="PASS" starttime="20200629 23:28:55.489" endtime="20200629 23:29:04.282"></status>
</kw>
<kw name="Set Variable" library="BuiltIn">
<doc>Returns the given values which can then be assigned to a variables.</doc>
<arguments>
<arg>xpath=//android.widget.RadioButton[contains(@text, 'Python')]</arg>
</arguments>
<assign>
<var>${element}</var>
</assign>
<msg timestamp="20200629 23:29:04.284" level="INFO">${element} = xpath=//android.widget.RadioButton[contains(@text, 'Python')]</msg>
<status status="PASS" starttime="20200629 23:29:04.283" endtime="20200629 23:29:04.284"></status>
</kw>
<kw name="Click Element" library="AppiumLibrary">
<doc>Click element identified by `locator`.</doc>
<arguments>
<arg>${element}</arg>
</arguments>
<msg timestamp="20200629 23:29:04.287" level="INFO">Clicking element 'xpath=//android.widget.RadioButton[contains(@text, 'Python')]'.</msg>
<status status="PASS" starttime="20200629 23:29:04.284" endtime="20200629 23:29:04.750"></status>
</kw>
<kw name="Wait Until Element Is Visible" library="AppiumLibrary">
<doc>Waits until element specified with `locator` is visible.</doc>
<arguments>
<arg>${element}</arg>
</arguments>
<status status="PASS" starttime="20200629 23:29:04.751" endtime="20200629 23:29:05.929"></status>
</kw>
<kw name="Element Attribute Should Match" library="AppiumLibrary">
<doc>Verify that an attribute of an element matches the expected criteria.</doc>
<arguments>
<arg>${element}</arg>
<arg>checked</arg>
<arg>true</arg>
</arguments>
<msg timestamp="20200629 23:29:06.207" level="INFO">Element 'xpath=//android.widget.RadioButton[contains(@text, 'Python')]' attribute 'checked' is 'true' </msg>
<status status="PASS" starttime="20200629 23:29:05.930" endtime="20200629 23:29:06.207"></status>
</kw>
<kw name="Close Session" library="base" type="teardown">
<kw name="Close Application" library="AppiumLibrary">
<doc>Closes the current application and also close webdriver session.</doc>
<status status="PASS" starttime="20200629 23:29:06.209" endtime="20200629 23:29:11.247"></status>
</kw>
<status status="PASS" starttime="20200629 23:29:06.208" endtime="20200629 23:29:11.247"></status>
</kw>
<status status="PASS" starttime="20200629 23:28:16.465" endtime="20200629 23:29:11.249" critical="yes"></status>
</test>
<status status="PASS" starttime="20200629 23:28:16.064" endtime="20200629 23:29:11.254"></status>
</suite>
<statistics>
<total>
<stat pass="1" fail="0">Critical Tests</stat>
<stat pass="1" fail="0">All Tests</stat>
</total>
<tag>
</tag>
<suite>
<stat pass="1" fail="0" id="s1" name="Radio">Radio</stat>
</suite>
</statistics>
<errors>
</errors>
</robot>
