<?xml version="1.0" encoding="UTF-8"?>
<robot generator="Robot 3.2.1 (Python 3.8.3 on win32)" generated="20200629 23:46:41.480" rpa="false">
<suite id="s1" name="Checkbox" source="C:\qaninja\twp\tests\checkbox.robot">
<test id="s1-t1" name="Deve Marcar a Opção RobotFramework">
<kw name="Open Session" library="base" type="setup">
<kw name="Set Appium Timeout" library="AppiumLibrary">
<doc>Sets the timeout in seconds used by various keywords.</doc>
<arguments>
<arg>10</arg>
</arguments>
<status status="PASS" starttime="20200629 23:46:41.996" endtime="20200629 23:46:41.996"></status>
</kw>
<kw name="Open Application" library="AppiumLibrary">
<doc>Opens a new application to given Appium server.
Capabilities of appium server, Android and iOS,
Please check https://github.com/appium/appium/blob/master/docs/en/writing-running-appium/server-args.md
| *Option*            | *Man.* | *Description*     |
| remote_url          | Yes    | Appium server url |
| alias               | no     | alias             |</doc>
<arguments>
<arg>http://localhost:4723/wd/hub</arg>
<arg>automationName=UiAutomator2</arg>
<arg>platformName=Android</arg>
<arg>deviceName=Android Emulator</arg>
<arg>app=${EXECDIR}/app/twp.apk</arg>
<arg>udid=emulator-5554</arg>
</arguments>
<status status="PASS" starttime="20200629 23:46:41.996" endtime="20200629 23:47:16.478"></status>
</kw>
<kw name="Get Started" library="helpers">
<kw name="Wait Until Page Contains" library="AppiumLibrary">
<doc>Waits until `text` appears on current page.</doc>
<arguments>
<arg>${START}</arg>
</arguments>
<status status="PASS" starttime="20200629 23:47:16.479" endtime="20200629 23:47:21.453"></status>
</kw>
<kw name="Click Text" library="AppiumLibrary">
<doc>Click text identified by ``text``.</doc>
<arguments>
<arg>${START}</arg>
</arguments>
<status status="PASS" starttime="20200629 23:47:21.453" endtime="20200629 23:47:21.963"></status>
</kw>
<status status="PASS" starttime="20200629 23:47:16.478" endtime="20200629 23:47:21.963"></status>
</kw>
<status status="PASS" starttime="20200629 23:46:41.995" endtime="20200629 23:47:21.963"></status>
</kw>
<kw name="Go To CheckBox" library="helpers">
<kw name="Open Nav" library="helpers">
<kw name="Wait Until Element Is Visible" library="AppiumLibrary">
<doc>Waits until element specified with `locator` is visible.</doc>
<arguments>
<arg>${HAMBURGUER}</arg>
</arguments>
<status status="PASS" starttime="20200629 23:47:21.965" endtime="20200629 23:47:24.211"></status>
</kw>
<kw name="Click Element" library="AppiumLibrary">
<doc>Click element identified by `locator`.</doc>
<arguments>
<arg>${HAMBURGUER}</arg>
</arguments>
<msg timestamp="20200629 23:47:24.213" level="INFO">Clicking element 'xpath=//android.widget.ImageButton[@content-desc="Open navigation drawer"]'.</msg>
<status status="PASS" starttime="20200629 23:47:24.211" endtime="20200629 23:47:24.640"></status>
</kw>
<kw name="Wait Until Element Is Visible" library="AppiumLibrary">
<doc>Waits until element specified with `locator` is visible.</doc>
<arguments>
<arg>${NAVVIEW}</arg>
</arguments>
<status status="PASS" starttime="20200629 23:47:24.641" endtime="20200629 23:47:25.989"></status>
</kw>
<status status="PASS" starttime="20200629 23:47:21.965" endtime="20200629 23:47:25.990"></status>
</kw>
<kw name="Click Text" library="AppiumLibrary">
<doc>Click text identified by ``text``.</doc>
<arguments>
<arg>INPUTS</arg>
</arguments>
<status status="PASS" starttime="20200629 23:47:25.990" endtime="20200629 23:47:27.455"></status>
</kw>
<kw name="Wait Until Page Contains" library="AppiumLibrary">
<doc>Waits until `text` appears on current page.</doc>
<arguments>
<arg>INPUTS</arg>
</arguments>
<status status="PASS" starttime="20200629 23:47:27.455" endtime="20200629 23:47:28.366"></status>
</kw>
<kw name="Click Text" library="AppiumLibrary">
<doc>Click text identified by ``text``.</doc>
<arguments>
<arg>CHECKBOX</arg>
</arguments>
<status status="PASS" starttime="20200629 23:47:28.366" endtime="20200629 23:47:28.866"></status>
</kw>
<kw name="Wait Until Page Contains" library="AppiumLibrary">
<doc>Waits until `text` appears on current page.</doc>
<arguments>
<arg>Marque as techs que usam Appium</arg>
</arguments>
<status status="PASS" starttime="20200629 23:47:28.866" endtime="20200629 23:47:31.155"></status>
</kw>
<status status="PASS" starttime="20200629 23:47:21.964" endtime="20200629 23:47:31.155"></status>
</kw>
<kw name="Set Variable" library="BuiltIn">
<doc>Returns the given values which can then be assigned to a variables.</doc>
<arguments>
<arg>xpath=//android.widget.CheckBox[contains(@text, 'Robot Framework')]</arg>
</arguments>
<assign>
<var>${element}</var>
</assign>
<msg timestamp="20200629 23:47:31.156" level="INFO">${element} = xpath=//android.widget.CheckBox[contains(@text, 'Robot Framework')]</msg>
<status status="PASS" starttime="20200629 23:47:31.156" endtime="20200629 23:47:31.156"></status>
</kw>
<kw name="Click Element" library="AppiumLibrary">
<doc>Click element identified by `locator`.</doc>
<arguments>
<arg>${element}</arg>
</arguments>
<msg timestamp="20200629 23:47:31.159" level="INFO">Clicking element 'xpath=//android.widget.CheckBox[contains(@text, 'Robot Framework')]'.</msg>
<status status="PASS" starttime="20200629 23:47:31.157" endtime="20200629 23:47:31.450"></status>
</kw>
<kw name="Wait Until Element Is Visible" library="AppiumLibrary">
<doc>Waits until element specified with `locator` is visible.</doc>
<arguments>
<arg>id=io.qaninja.android.twp:id/rvContainer</arg>
</arguments>
<status status="PASS" starttime="20200629 23:47:31.450" endtime="20200629 23:47:32.884"></status>
</kw>
<kw name="Element Attribute Should Match" library="AppiumLibrary">
<doc>Verify that an attribute of an element matches the expected criteria.</doc>
<arguments>
<arg>${element}</arg>
<arg>checked</arg>
<arg>true</arg>
</arguments>
<msg timestamp="20200629 23:47:33.103" level="INFO">Element 'xpath=//android.widget.CheckBox[contains(@text, 'Robot Framework')]' attribute 'checked' is 'true' </msg>
<status status="PASS" starttime="20200629 23:47:32.885" endtime="20200629 23:47:33.103"></status>
</kw>
<kw name="Close Session" library="base" type="teardown">
<kw name="Close Application" library="AppiumLibrary">
<doc>Closes the current application and also close webdriver session.</doc>
<status status="PASS" starttime="20200629 23:47:33.104" endtime="20200629 23:47:37.936"></status>
</kw>
<status status="PASS" starttime="20200629 23:47:33.104" endtime="20200629 23:47:37.937"></status>
</kw>
<status status="PASS" starttime="20200629 23:46:41.995" endtime="20200629 23:47:37.937" critical="yes"></status>
</test>
<status status="PASS" starttime="20200629 23:46:41.485" endtime="20200629 23:47:37.940"></status>
</suite>
<statistics>
<total>
<stat pass="1" fail="0">Critical Tests</stat>
<stat pass="1" fail="0">All Tests</stat>
</total>
<tag>
</tag>
<suite>
<stat pass="1" fail="0" id="s1" name="Checkbox">Checkbox</stat>
</suite>
</statistics>
<errors>
</errors>
</robot>
